<?xml version="1.0" encoding="UTF-8" ?>
<testsuite tests="16" failures="0" name="fr.iut.TestElephanto" time="0.055" errors="0" skipped="0">
  <properties>
[...]
</properties>
  <testcase classname="fr.iut.TestElephanto" name="caculPanierHtavecreducinfcinqmille" time="0.044"/>
  <testcase classname="fr.iut.TestElephanto" name="caculPanierHtavecreducinfmille" time="0"/>
  <testcase classname="fr.iut.TestElephanto" name="caculPanierHtavecreducinfdixmille" time="0"/>
  <testcase classname="fr.iut.TestElephanto" name="caculPanierHtavecreducinfseptmille" time="0.001"/>
  <testcase classname="fr.iut.TestElephanto" name="calculPanierHT" time="0"/>
  <testcase classname="fr.iut.TestElephanto" name="addItemCart" time="0"/>
  <testcase classname="fr.iut.TestElephanto" name="caculPanierHtavecreducsupcinquantemille" time="0.001"/>
  <testcase classname="fr.iut.TestElephanto" name="calculPanierTTCCH" time="0.006"/>
  <testcase classname="fr.iut.TestElephanto" name="calculPanierTTCDE" time="0"/>
  <testcase classname="fr.iut.TestElephanto" name="calculPanierTTCDK" time="0"/>
  <testcase classname="fr.iut.TestElephanto" name="calculPanierTTCFR" time="0"/>
  <testcase classname="fr.iut.TestElephanto" name="calculPanierTTCHR" time="0.001"/>
  <testcase classname="fr.iut.TestElephanto" name="calculPanierTTCIS" time="0"/>
  <testcase classname="fr.iut.TestElephanto" name="caculPanierHtavecreducinfcinquantemille" time="0.001"/>
  <testcase classname="fr.iut.TestElephanto" name="creecart" time="0"/>
  <testcase classname="fr.iut.TestElephanto" name="creeitem" time="0.001"/>
</testsuite>